<?xml version="1.0" encoding="UTF-8"?>
<!-- Generated by org.testng.reporters.JUnitReportReporter -->
<testsuite skipped="0" hostname="DESKTOP-GK61F68" name="runner.Runner" tests="1" failures="0" timestamp="2021-01-28T15:12:55 IST" time="39.941" errors="0">
  <testcase name="runScenario" time="39.941" classname="runner.Runner"/>
  <system-out/>
</testsuite> <!-- runner.Runner -->
